[2023-11-30T09:20:55.544+0000] {manager.py:487} INFO - Processing files using up to 2 processes at a time 
[2023-11-30T09:20:55.544+0000] {manager.py:488} INFO - Process each file at most once every 30 seconds
[2023-11-30T09:20:55.545+0000] {manager.py:489} INFO - Checking for new files in /opt/airflow/dags every 300 seconds
[2023-11-30T09:20:55.545+0000] {manager.py:755} INFO - Searching for files in /opt/airflow/dags
[2023-11-30T09:20:55.548+0000] {manager.py:758} INFO - There are 0 files in /opt/airflow/dags
[2023-11-30T09:21:09.841+0000] {manager.py:469} INFO - Exiting gracefully upon receiving signal 15
[2023-11-30T09:21:37.305+0000] {manager.py:487} INFO - Processing files using up to 2 processes at a time 
[2023-11-30T09:21:37.305+0000] {manager.py:488} INFO - Process each file at most once every 30 seconds
[2023-11-30T09:21:37.305+0000] {manager.py:489} INFO - Checking for new files in /opt/airflow/dags every 300 seconds
[2023-11-30T09:21:37.306+0000] {manager.py:755} INFO - Searching for files in /opt/airflow/dags
[2023-11-30T09:21:37.308+0000] {manager.py:758} INFO - There are 0 files in /opt/airflow/dags
[2023-11-30T09:26:38.210+0000] {manager.py:755} INFO - Searching for files in /opt/airflow/dags
[2023-11-30T09:26:38.213+0000] {manager.py:758} INFO - There are 0 files in /opt/airflow/dags
[2023-11-30T09:26:51.850+0000] {manager.py:469} INFO - Exiting gracefully upon receiving signal 15
[2023-11-30T09:30:56.294+0000] {manager.py:487} INFO - Processing files using up to 2 processes at a time 
[2023-11-30T09:30:56.295+0000] {manager.py:488} INFO - Process each file at most once every 30 seconds
[2023-11-30T09:30:56.295+0000] {manager.py:489} INFO - Checking for new files in /opt/airflow/dags every 300 seconds
[2023-11-30T09:30:56.295+0000] {manager.py:755} INFO - Searching for files in /opt/airflow/dags
[2023-11-30T09:30:56.299+0000] {manager.py:758} INFO - There are 0 files in /opt/airflow/dags
[2023-11-30T09:31:13.127+0000] {manager.py:469} INFO - Exiting gracefully upon receiving signal 15
[2023-11-30T09:32:03.984+0000] {manager.py:487} INFO - Processing files using up to 2 processes at a time 
[2023-11-30T09:32:03.985+0000] {manager.py:488} INFO - Process each file at most once every 30 seconds
[2023-11-30T09:32:03.985+0000] {manager.py:489} INFO - Checking for new files in /opt/airflow/dags every 300 seconds
[2023-11-30T09:32:03.985+0000] {manager.py:755} INFO - Searching for files in /opt/airflow/dags
[2023-11-30T09:32:03.987+0000] {manager.py:758} INFO - There are 0 files in /opt/airflow/dags
